#
# A fatal error has been detected by the Java Runtime Environment:
#
#  EXCEPTION_ACCESS_VIOLATION (0xc0000005) at pc=0x7759a4ad, pid=328, tid=564
#
# JRE version: 7.0_21-b11
# Java VM: Java HotSpot(TM) Client VM (23.21-b01 mixed mode, sharing windows-x86 )
# Problematic frame:
# C  [ntdll.dll+0x5a4ad]  RtlRunOnceComplete+0xfb
#
# Failed to write core dump. Minidumps are not enabled by default on client versions of Windows
#
# If you would like to submit a bug report, please visit:
#   http://bugreport.sun.com/bugreport/crash.jsp
# The crash happened outside the Java Virtual Machine in native code.
# See problematic frame for where to report the bug.
#

---------------  T H R E A D  ---------------

Current thread (0x03efbc00):  JavaThread "LWJGL Application" [_thread_in_native, id=564, stack(0x044d0000,0x04520000)]

siginfo: ExceptionCode=0xc0000005, reading address 0x43847ff8

Registers:
EAX=0x00002cee, EBX=0x00004008, ECX=0x43848000, EDX=0x004300c4
ESP=0x0451d8b4, EBP=0x0451d984, ESI=0x00100000, EDI=0x00434420
EIP=0x7759a4ad, EFLAGS=0x00010206

Top of Stack: (sp=0x0451d8b4)
0x0451d8b4:   7ca6b0f7 0861cf28 00000000 00430000
0x0451d8c4:   00434420 03b3745c cd78a821 731d1d01
0x0451d8d4:   6e3d1651 aa55dcf0 c2002cee d6ca7b12
0x0451d8e4:   74dcd56f 00434420 8d585cac 43848000
0x0451d8f4:   4ab7985b 4d2ad976 a638898e 000007ff
0x0451d904:   8e4c9e50 5d2708c8 f13a782d 8b082225
0x0451d914:   00000000 09000009 460c4a7c f50b76cd
0x0451d924:   872f7766 96fcc288 00000000 48c46e38 

Instructions: (pc=0x7759a4ad)
0x7759a48d:   11 fd 02 00 8b 4f 20 8b 0c 81 89 8d 6c ff ff ff
0x7759a49d:   3b d1 0f 84 93 b8 ff ff 85 f6 0f 84 a8 fe 01 00
0x7759a4ad:   8b 41 f8 89 85 58 ff ff ff 8b 55 e0 8b 72 4c 85
0x7759a4bd:   f0 74 09 33 42 50 89 85 58 ff ff ff 0f b7 c0 0f 


Register to memory mapping:

EAX=0x00002cee is an unknown value
EBX=0x00004008 is an unknown value
ECX=0x43848000 is an unknown value
EDX=0x004300c4 is an unknown value
ESP=0x0451d8b4 is pointing into the stack for thread: 0x03efbc00
EBP=0x0451d984 is pointing into the stack for thread: 0x03efbc00
ESI=0x00100000 is an unknown value
EDI=0x00434420 is an unknown value


Stack: [0x044d0000,0x04520000],  sp=0x0451d8b4,  free space=310k
Native frames: (J=compiled Java code, j=interpreted, Vv=VM code, C=native code)
C  [ntdll.dll+0x5a4ad]  RtlRunOnceComplete+0xfb
C  [ntdll.dll+0x55950]  wcsnicmp+0x1e4
C  [msvcrt.dll+0x9d45]  malloc+0x57
C  [gdx.dll+0xd1dc]  Java_com_badlogic_gdx_utils_BufferUtils_transformV3M3Jni___3FII_3FI+0x805c

Java frames: (J=compiled Java code, j=interpreted, Vv=VM code)
j  com.badlogic.gdx.graphics.g2d.Gdx2DPixmap.load([J[BII)Ljava/nio/ByteBuffer;+0
j  com.badlogic.gdx.graphics.g2d.Gdx2DPixmap.<init>([BIII)V+19
j  com.badlogic.gdx.graphics.Pixmap.<init>(Lcom/badlogic/gdx/files/FileHandle;)V+24
j  com.badlogic.gdx.graphics.TextureData$Factory.loadFromFile(Lcom/badlogic/gdx/files/FileHandle;Lcom/badlogic/gdx/graphics/Pixmap$Format;Z)Lcom/badlogic/gdx/graphics/TextureData;+99
j  com.badlogic.gdx.graphics.Texture.<init>(Lcom/badlogic/gdx/files/FileHandle;Lcom/badlogic/gdx/graphics/Pixmap$Format;Z)V+4
j  com.badlogic.gdx.graphics.Texture.<init>(Lcom/badlogic/gdx/files/FileHandle;Z)V+4
j  com.badlogic.gdx.graphics.g2d.BitmapFont.<init>(Lcom/badlogic/gdx/files/FileHandle;Lcom/badlogic/gdx/files/FileHandle;ZZ)V+20
j  com.badlogic.gdx.graphics.g2d.BitmapFont.<init>()V+23
j  Screens.ScrEndScreen.show()V+20
j  com.badlogic.gdx.Game.setScreen(Lcom/badlogic/gdx/Screen;)V+32
j  Menu.GamGame1.updateState()V+69
j  Screens.ScrEndScreen.render(F)V+228
j  com.badlogic.gdx.Game.render()V+19
j  Menu.GamGame1.render()V+1
j  com.badlogic.gdx.backends.lwjgl.LwjglApplication.mainLoop()V+684
j  com.badlogic.gdx.backends.lwjgl.LwjglApplication$1.run()V+27
v  ~StubRoutines::call_stub

---------------  P R O C E S S  ---------------

Java Threads: ( => current thread )
  0x03efc800 JavaThread "LWJGL Timer" daemon [_thread_blocked, id=8168, stack(0x04ca0000,0x04cf0000)]
  0x03efc000 JavaThread "DestroyJavaVM" [_thread_blocked, id=4176, stack(0x00ad0000,0x00b20000)]
=>0x03efbc00 JavaThread "LWJGL Application" [_thread_in_native, id=564, stack(0x044d0000,0x04520000)]
  0x00abfc00 JavaThread "Service Thread" daemon [_thread_blocked, id=4284, stack(0x03d10000,0x03d60000)]
  0x00aa1c00 JavaThread "C1 CompilerThread0" daemon [_thread_blocked, id=984, stack(0x03bc0000,0x03c10000)]
  0x00a9c800 JavaThread "Attach Listener" daemon [_thread_blocked, id=4504, stack(0x00b50000,0x00ba0000)]
  0x00a9b000 JavaThread "Signal Dispatcher" daemon [_thread_blocked, id=2596, stack(0x00e30000,0x00e80000)]
  0x00a87400 JavaThread "Finalizer" daemon [_thread_blocked, id=2620, stack(0x03c30000,0x03c80000)]
  0x00a85c00 JavaThread "Reference Handler" daemon [_thread_blocked, id=3596, stack(0x00d30000,0x00d80000)]

Other Threads:
  0x00a84800 VMThread [stack: 0x00eb0000,0x00f00000] [id=2372]
  0x03d68800 WatcherThread [stack: 0x03fa0000,0x03ff0000] [id=7664]

VM state:not at safepoint (normal execution)

VM Mutex/Monitor currently owned by a thread: None

Heap
 def new generation   total 16064K, used 13950K [0x23a90000, 0x24bf0000, 0x28fe0000)
  eden space 14336K,  97% used [0x23a90000, 0x2482f998, 0x24890000)
  from space 1728K,   0% used [0x24890000, 0x24890000, 0x24a40000)
  to   space 1728K,   0% used [0x24a40000, 0x24a40000, 0x24bf0000)
 tenured generation   total 35528K, used 18630K [0x28fe0000, 0x2b292000, 0x33a90000)
   the space 35528K,  52% used [0x28fe0000, 0x2a211a50, 0x2a211c00, 0x2b292000)
 compacting perm gen  total 12288K, used 2641K [0x33a90000, 0x34690000, 0x37a90000)
   the space 12288K,  21% used [0x33a90000, 0x33d244e0, 0x33d24600, 0x34690000)
    ro space 10240K,  45% used [0x37a90000, 0x37f17988, 0x37f17a00, 0x38490000)
    rw space 12288K,  54% used [0x38490000, 0x38b1b5d8, 0x38b1b600, 0x39090000)

Card table byte_map: [0x00bb0000,0x00c60000] byte_map_base: 0x00a92b80

Polling page: 0x00360000

Code Cache  [0x01b90000, 0x01d08000, 0x03b90000)
 total_blobs=657 nmethods=394 adapters=198 free_code_cache=31282Kb largest_free_block=32033216

Compilation events (10 events):
Event: 10.481 Thread 0x00aa1c00  391             org.lwjgl.opengl.GL20::glUniformMatrix4 (37 bytes)
Event: 10.482 Thread 0x00aa1c00 nmethod 391 0x01d01648 code [0x01d017c0, 0x01d01ae4]
Event: 10.484 Thread 0x00aa1c00  393             com.badlogic.gdx.graphics.glutils.ShaderProgram::end (12 bytes)
Event: 10.484 Thread 0x00aa1c00 nmethod 393 0x01d02148 code [0x01d02290, 0x01d02500]
Event: 11.044 Thread 0x00aa1c00  394             com.badlogic.gdx.graphics.g2d.GlyphLayout$GlyphRun::reset (20 bytes)
Event: 11.044 Thread 0x00aa1c00 nmethod 394 0x01d028c8 code [0x01d029d0, 0x01d02ac0]
Event: 12.129 Thread 0x00aa1c00  395             java.nio.CharBuffer::<init> (22 bytes)
Event: 12.130 Thread 0x00aa1c00 nmethod 395 0x01d02c08 code [0x01d02d00, 0x01d02dcc]
Event: 12.130 Thread 0x00aa1c00  396             java.util.StringTokenizer::setMaxDelimCodePoint (156 bytes)
Event: 12.130 Thread 0x00aa1c00 nmethod 396 0x01d02e48 code [0x01d02f80, 0x01d032c4]

GC Heap History (10 events):
Event: 2.301 GC heap before
{Heap before GC invocations=2 (full 0):
 def new generation   total 4928K, used 4928K [0x23a90000, 0x23fe0000, 0x28fe0000)
  eden space 4416K, 100% used [0x23a90000, 0x23ee0000, 0x23ee0000)
  from space 512K, 100% used [0x23ee0000, 0x23f60000, 0x23f60000)
  to   space 512K,   0% used [0x23f60000, 0x23f60000, 0x23fe0000)
 tenured generation   total 10944K, used 1580K [0x28fe0000, 0x29a90000, 0x33a90000)
   the space 10944K,  14% used [0x28fe0000, 0x2916b350, 0x2916b400, 0x29a90000)
 compacting perm gen  total 12288K, used 2615K [0x33a90000, 0x34690000, 0x37a90000)
   the space 12288K,  21% used [0x33a90000, 0x33d1dc18, 0x33d1de00, 0x34690000)
    ro space 10240K,  45% used [0x37a90000, 0x37f17988, 0x37f17a00, 0x38490000)
    rw space 12288K,  54% used [0x38490000, 0x38b1b5d8, 0x38b1b600, 0x39090000)
Event: 2.304 GC heap after
Heap after GC invocations=3 (full 0):
 def new generation   total 4928K, used 512K [0x23a90000, 0x23fe0000, 0x28fe0000)
  eden space 4416K,   0% used [0x23a90000, 0x23a90000, 0x23ee0000)
  from space 512K, 100% used [0x23f60000, 0x23fe0000, 0x23fe0000)
  to   space 512K,   0% used [0x23ee0000, 0x23ee0000, 0x23f60000)
 tenured generation   total 10944K, used 2859K [0x28fe0000, 0x29a90000, 0x33a90000)
   the space 10944K,  26% used [0x28fe0000, 0x292aada0, 0x292aae00, 0x29a90000)
 compacting perm gen  total 12288K, used 2615K [0x33a90000, 0x34690000, 0x37a90000)
   the space 12288K,  21% used [0x33a90000, 0x33d1dc18, 0x33d1de00, 0x34690000)
    ro space 10240K,  45% used [0x37a90000, 0x37f17988, 0x37f17a00, 0x38490000)
    rw space 12288K,  54% used [0x38490000, 0x38b1b5d8, 0x38b1b600, 0x39090000)
}
Event: 2.468 GC heap before
{Heap before GC invocations=3 (full 0):
 def new generation   total 4928K, used 4794K [0x23a90000, 0x23fe0000, 0x28fe0000)
  eden space 4416K,  96% used [0x23a90000, 0x23ebeba8, 0x23ee0000)
  from space 512K, 100% used [0x23f60000, 0x23fe0000, 0x23fe0000)
  to   space 512K,   0% used [0x23ee0000, 0x23ee0000, 0x23f60000)
 tenured generation   total 10944K, used 2859K [0x28fe0000, 0x29a90000, 0x33a90000)
   the space 10944K,  26% used [0x28fe0000, 0x292aada0, 0x292aae00, 0x29a90000)
 compacting perm gen  total 12288K, used 2618K [0x33a90000, 0x34690000, 0x37a90000)
   the space 12288K,  21% used [0x33a90000, 0x33d1ebf0, 0x33d1ec00, 0x34690000)
    ro space 10240K,  45% used [0x37a90000, 0x37f17988, 0x37f17a00, 0x38490000)
    rw space 12288K,  54% used [0x38490000, 0x38b1b5d8, 0x38b1b600, 0x39090000)
Event: 2.470 GC heap after
Heap after GC invocations=4 (full 0):
 def new generation   total 4928K, used 134K [0x23a90000, 0x23fe0000, 0x28fe0000)
  eden space 4416K,   0% used [0x23a90000, 0x23a90000, 0x23ee0000)
  from space 512K,  26% used [0x23ee0000, 0x23f01900, 0x23f60000)
  to   space 512K,   0% used [0x23f60000, 0x23f60000, 0x23fe0000)
 tenured generation   total 10944K, used 5408K [0x28fe0000, 0x29a90000, 0x33a90000)
   the space 10944K,  49% used [0x28fe0000, 0x295283f0, 0x29528400, 0x29a90000)
 compacting perm gen  total 12288K, used 2618K [0x33a90000, 0x34690000, 0x37a90000)
   the space 12288K,  21% used [0x33a90000, 0x33d1ebf0, 0x33d1ec00, 0x34690000)
    ro space 10240K,  45% used [0x37a90000, 0x37f17988, 0x37f17a00, 0x38490000)
    rw space 12288K,  54% used [0x38490000, 0x38b1b5d8, 0x38b1b600, 0x39090000)
}
Event: 2.605 GC heap before
{Heap before GC invocations=4 (full 0):
 def new generation   total 4928K, used 4279K [0x23a90000, 0x23fe0000, 0x28fe0000)
  eden space 4416K,  93% used [0x23a90000, 0x23e9c490, 0x23ee0000)
  from space 512K,  26% used [0x23ee0000, 0x23f01900, 0x23f60000)
  to   space 512K,   0% used [0x23f60000, 0x23f60000, 0x23fe0000)
 tenured generation   total 10944K, used 5408K [0x28fe0000, 0x29a90000, 0x33a90000)
   the space 10944K,  49% used [0x28fe0000, 0x295283f0, 0x29528400, 0x29a90000)
 compacting perm gen  total 12288K, used 2619K [0x33a90000, 0x34690000, 0x37a90000)
   the space 12288K,  21% used [0x33a90000, 0x33d1ec00, 0x33d1ec00, 0x34690000)
    ro space 10240K,  45% used [0x37a90000, 0x37f17988, 0x37f17a00, 0x38490000)
    rw space 12288K,  54% used [0x38490000, 0x38b1b5d8, 0x38b1b600, 0x39090000)
Event: 2.616 GC heap after
Heap after GC invocations=5 (full 1):
 def new generation   total 4992K, used 0K [0x23a90000, 0x23ff0000, 0x28fe0000)
  eden space 4480K,   0% used [0x23a90000, 0x23a90000, 0x23ef0000)
  from space 512K,   0% used [0x23ef0000, 0x23ef0000, 0x23f70000)
  to   space 512K,   0% used [0x23f70000, 0x23f70000, 0x23ff0000)
 tenured generation   total 10944K, used 6342K [0x28fe0000, 0x29a90000, 0x33a90000)
   the space 10944K,  57% used [0x28fe0000, 0x29611a00, 0x29611a00, 0x29a90000)
 compacting perm gen  total 12288K, used 2619K [0x33a90000, 0x34690000, 0x37a90000)
   the space 12288K,  21% used [0x33a90000, 0x33d1ec00, 0x33d1ec00, 0x34690000)
    ro space 10240K,  45% used [0x37a90000, 0x37f17988, 0x37f17a00, 0x38490000)
    rw space 12288K,  54% used [0x38490000, 0x38b1b5d8, 0x38b1b600, 0x39090000)
}
Event: 2.883 GC heap before
{Heap before GC invocations=5 (full 1):
 def new generation   total 4992K, used 45K [0x23a90000, 0x23ff0000, 0x28fe0000)
  eden space 4480K,   1% used [0x23a90000, 0x23a9b6e0, 0x23ef0000)
  from space 512K,   0% used [0x23ef0000, 0x23ef0000, 0x23f70000)
  to   space 512K,   0% used [0x23f70000, 0x23f70000, 0x23ff0000)
 tenured generation   total 19140K, used 14534K [0x28fe0000, 0x2a291000, 0x33a90000)
   the space 19140K,  75% used [0x28fe0000, 0x29e11a10, 0x29e11c00, 0x2a291000)
 compacting perm gen  total 12288K, used 2619K [0x33a90000, 0x34690000, 0x37a90000)
   the space 12288K,  21% used [0x33a90000, 0x33d1ec00, 0x33d1ec00, 0x34690000)
    ro space 10240K,  45% used [0x37a90000, 0x37f17988, 0x37f17a00, 0x38490000)
    rw space 12288K,  54% used [0x38490000, 0x38b1b5d8, 0x38b1b600, 0x39090000)
Event: 2.893 GC heap after
Heap after GC invocations=6 (full 2):
 def new generation   total 8640K, used 0K [0x23a90000, 0x243f0000, 0x28fe0000)
  eden space 7680K,   0% used [0x23a90000, 0x23a90000, 0x24210000)
  from space 960K,   0% used [0x24210000, 0x24210000, 0x24300000)
  to   space 960K,   0% used [0x24300000, 0x24300000, 0x243f0000)
 tenured generation   total 19140K, used 10438K [0x28fe0000, 0x2a291000, 0x33a90000)
   the space 19140K,  54% used [0x28fe0000, 0x29a11a00, 0x29a11a00, 0x2a291000)
 compacting perm gen  total 12288K, used 2619K [0x33a90000, 0x34690000, 0x37a90000)
   the space 12288K,  21% used [0x33a90000, 0x33d1ec00, 0x33d1ec00, 0x34690000)
    ro space 10240K,  45% used [0x37a90000, 0x37f17988, 0x37f17a00, 0x38490000)
    rw space 12288K,  54% used [0x38490000, 0x38b1b5d8, 0x38b1b600, 0x39090000)
}
Event: 3.117 GC heap before
{Heap before GC invocations=6 (full 2):
 def new generation   total 8640K, used 56K [0x23a90000, 0x243f0000, 0x28fe0000)
  eden space 7680K,   0% used [0x23a90000, 0x23a9e0d8, 0x24210000)
  from space 960K,   0% used [0x24210000, 0x24210000, 0x24300000)
  to   space 960K,   0% used [0x24300000, 0x24300000, 0x243f0000)
 tenured generation   total 35528K, used 26822K [0x28fe0000, 0x2b292000, 0x33a90000)
   the space 35528K,  75% used [0x28fe0000, 0x2aa11a10, 0x2aa11c00, 0x2b292000)
 compacting perm gen  total 12288K, used 2619K [0x33a90000, 0x34690000, 0x37a90000)
   the space 12288K,  21% used [0x33a90000, 0x33d1ed30, 0x33d1ee00, 0x34690000)
    ro space 10240K,  45% used [0x37a90000, 0x37f17988, 0x37f17a00, 0x38490000)
    rw space 12288K,  54% used [0x38490000, 0x38b1b5d8, 0x38b1b600, 0x39090000)
Event: 3.130 GC heap after
Heap after GC invocations=7 (full 3):
 def new generation   total 16064K, used 0K [0x23a90000, 0x24bf0000, 0x28fe0000)
  eden space 14336K,   0% used [0x23a90000, 0x23a90000, 0x24890000)
  from space 1728K,   0% used [0x24890000, 0x24890000, 0x24a40000)
  to   space 1728K,   0% used [0x24a40000, 0x24a40000, 0x24bf0000)
 tenured generation   total 35528K, used 18630K [0x28fe0000, 0x2b292000, 0x33a90000)
   the space 35528K,  52% used [0x28fe0000, 0x2a211a50, 0x2a211c00, 0x2b292000)
 compacting perm gen  total 12288K, used 2619K [0x33a90000, 0x34690000, 0x37a90000)
   the space 12288K,  21% used [0x33a90000, 0x33d1ed30, 0x33d1ee00, 0x34690000)
    ro space 10240K,  45% used [0x37a90000, 0x37f17988, 0x37f17a00, 0x38490000)
    rw space 12288K,  54% used [0x38490000, 0x38b1b5d8, 0x38b1b600, 0x39090000)
}

Deoptimization events (0 events):
No events

Internal exceptions (10 events):
Event: 2.304 Thread 0x03efbc00 Threw 0x23ab04e0 at C:\jdk7u2_32P\jdk7u21\hotspot\src\share\vm\prims\jvm.cpp:1166
Event: 2.304 Thread 0x03efbc00 Threw 0x23ab5530 at C:\jdk7u2_32P\jdk7u21\hotspot\src\share\vm\prims\jvm.cpp:1166
Event: 2.305 Thread 0x03efbc00 Threw 0x23aba260 at C:\jdk7u2_32P\jdk7u21\hotspot\src\share\vm\prims\jvm.cpp:1166
Event: 3.151 Thread 0x03efbc00 Threw 0x245d7660 at C:\jdk7u2_32P\jdk7u21\hotspot\src\share\vm\prims\jvm.cpp:1166
Event: 3.160 Thread 0x03efbc00 Threw 0x245eafa0 at C:\jdk7u2_32P\jdk7u21\hotspot\src\share\vm\prims\jvm.cpp:1166
Event: 3.188 Thread 0x03efbc00 Threw 0x24668410 at C:\jdk7u2_32P\jdk7u21\hotspot\src\share\vm\prims\jvm.cpp:1166
Event: 3.224 Thread 0x03efbc00 Threw 0x2468ef08 at C:\jdk7u2_32P\jdk7u21\hotspot\src\share\vm\prims\jvm.cpp:1166
Event: 3.225 Thread 0x03efbc00 Threw 0x24693af0 at C:\jdk7u2_32P\jdk7u21\hotspot\src\share\vm\prims\jvm.cpp:1166
Event: 3.228 Thread 0x03efbc00 Threw 0x24698ae0 at C:\jdk7u2_32P\jdk7u21\hotspot\src\share\vm\prims\jvm.cpp:1166
Event: 3.234 Thread 0x03efbc00 Threw 0x246c44a8 at C:\jdk7u2_32P\jdk7u21\hotspot\src\share\vm\prims\jvm.cpp:1166

Events (10 events):
Event: 3.225 loading class 0x07ea4158
Event: 3.225 loading class 0x07ea4158 done
Event: 3.228 loading class 0x07ce27e0
Event: 3.228 loading class 0x07ce27e0 done
Event: 3.234 loading class 0x07ea4018
Event: 3.234 loading class 0x07ea4018 done
Event: 4.088 Executing VM operation: EnableBiasedLocking
Event: 4.088 Executing VM operation: EnableBiasedLocking done
Event: 4.444 Thread 0x00aa1c00 flushing nmethod 0x01c6ce48
Event: 5.544 Thread 0x00aa1c00 flushing nmethod 0x01c41808


Dynamic libraries:
0x00f60000 - 0x00f8f000 	C:\Program Files\Java\jdk1.7.0_21\bin\java.exe
0x77540000 - 0x77682000 	C:\Windows\SYSTEM32\ntdll.dll
0x76f50000 - 0x77025000 	C:\Windows\system32\kernel32.dll
0x75610000 - 0x7565b000 	C:\Windows\system32\KERNELBASE.dll
0x76080000 - 0x76121000 	C:\Windows\system32\ADVAPI32.dll
0x75cc0000 - 0x75d6c000 	C:\Windows\system32\msvcrt.dll
0x75f90000 - 0x75fa9000 	C:\Windows\SYSTEM32\sechost.dll
0x75c10000 - 0x75cb2000 	C:\Windows\system32\RPCRT4.dll
0x76200000 - 0x762c9000 	C:\Windows\system32\USER32.dll
0x761b0000 - 0x761fe000 	C:\Windows\system32\GDI32.dll
0x75dc0000 - 0x75dca000 	C:\Windows\system32\LPK.dll
0x770c0000 - 0x7715d000 	C:\Windows\system32\USP10.dll
0x74070000 - 0x7420e000 	C:\Windows\WinSxS\x86_microsoft.windows.common-controls_6595b64144ccf1df_6.0.7601.18837_none_41e855142bd5705d\COMCTL32.dll
0x75f30000 - 0x75f87000 	C:\Windows\system32\SHLWAPI.dll
0x75bf0000 - 0x75c0f000 	C:\Windows\system32\IMM32.DLL
0x75fb0000 - 0x7607d000 	C:\Windows\system32\MSCTF.dll
0x77c20000 - 0x77cde000 	C:\Program Files\Java\jdk1.7.0_21\jre\bin\msvcr100.dll
0x6df40000 - 0x6e28f000 	C:\Program Files\Java\jdk1.7.0_21\jre\bin\client\jvm.dll
0x72540000 - 0x72547000 	C:\Windows\system32\WSOCK32.dll
0x75d70000 - 0x75da5000 	C:\Windows\system32\WS2_32.dll
0x77690000 - 0x77696000 	C:\Windows\system32\NSI.dll
0x73b60000 - 0x73b92000 	C:\Windows\system32\WINMM.dll
0x75db0000 - 0x75db5000 	C:\Windows\system32\PSAPI.DLL
0x72d80000 - 0x72d8c000 	C:\Program Files\Java\jdk1.7.0_21\jre\bin\verify.dll
0x50000000 - 0x50020000 	C:\Program Files\Java\jdk1.7.0_21\jre\bin\java.dll
0x5f2a0000 - 0x5f2b3000 	C:\Program Files\Java\jdk1.7.0_21\jre\bin\zip.dll
0x6cec0000 - 0x6cf33000 	C:\Users\weild5554\AppData\Local\Temp\libgdxweild5554\d0acf4ea\gdx.dll
0x74ea0000 - 0x74eb7000 	C:\Windows\system32\CRYPTSP.dll
0x74b00000 - 0x74b3b000 	C:\Windows\system32\rsaenh.dll
0x756e0000 - 0x756f7000 	C:\Windows\system32\USERENV.dll
0x754a0000 - 0x754ab000 	C:\Windows\system32\profapi.dll
0x753c0000 - 0x753cc000 	C:\Windows\system32\CRYPTBASE.dll
0x6dcd0000 - 0x6dce4000 	C:\Program Files\Java\jdk1.7.0_21\jre\bin\net.dll
0x74d20000 - 0x74d5c000 	C:\Windows\system32\mswsock.dll
0x75130000 - 0x75136000 	C:\Windows\System32\wship6.dll
0x73cf0000 - 0x73d00000 	C:\Windows\system32\NLAapi.dll
0x729d0000 - 0x729e0000 	C:\Windows\system32\napinsp.dll
0x72990000 - 0x729a2000 	C:\Windows\system32\pnrpnsp.dll
0x74bf0000 - 0x74c34000 	C:\Windows\system32\DNSAPI.dll
0x729e0000 - 0x729e8000 	C:\Windows\System32\winrnr.dll
0x72a30000 - 0x72a51000 	C:\Program Files\Bonjour\mdnsNSP.dll
0x73c50000 - 0x73c6c000 	C:\Windows\system32\Iphlpapi.DLL
0x73c40000 - 0x73c47000 	C:\Windows\system32\WINNSI.DLL
0x72a00000 - 0x72a27000 	C:\Program Files\Common Files\Microsoft Shared\Windows Live\WLIDNSP.DLL
0x74980000 - 0x74985000 	C:\Windows\System32\wshtcpip.dll
0x729f0000 - 0x729f6000 	C:\Windows\system32\rasadhlp.dll
0x73a30000 - 0x73a68000 	C:\Windows\System32\fwpuclnt.dll
0x730f0000 - 0x730fe000 	C:\Program Files\Java\jdk1.7.0_21\jre\bin\nio.dll
0x10000000 - 0x1004f000 	C:\Users\weild5554\AppData\Local\Temp\libgdxweild5554\68069333\lwjgl.dll
0x67a70000 - 0x67b38000 	C:\Windows\system32\OPENGL32.dll
0x6ab10000 - 0x6ab32000 	C:\Windows\system32\GLU32.dll
0x61eb0000 - 0x61f97000 	C:\Windows\system32\DDRAW.dll
0x6c400000 - 0x6c406000 	C:\Windows\system32\DCIMAN32.dll
0x77160000 - 0x772fd000 	C:\Windows\system32\SETUPAPI.dll
0x756b0000 - 0x756d7000 	C:\Windows\system32\CFGMGR32.dll
0x776a0000 - 0x77731000 	C:\Windows\system32\OLEAUT32.dll
0x75dd0000 - 0x75f2d000 	C:\Windows\system32\ole32.dll
0x757b0000 - 0x757c2000 	C:\Windows\system32\DEVOBJ.dll
0x73750000 - 0x73763000 	C:\Windows\system32\dwmapi.dll
0x748f0000 - 0x748f9000 	C:\Windows\system32\VERSION.dll
0x03c80000 - 0x03ce5000 	C:\Users\WEILD5~1\AppData\Local\Temp\libgdxweild5554\68069333\OpenAL32.dll
0x762d0000 - 0x76f1b000 	C:\Windows\system32\SHELL32.dll
0x77030000 - 0x770b3000 	C:\Windows\system32\CLBCatQ.DLL
0x74220000 - 0x74315000 	C:\Windows\System32\PROPSYS.dll
0x75660000 - 0x7568f000 	C:\Windows\system32\WINTRUST.dll
0x754c0000 - 0x755e1000 	C:\Windows\system32\CRYPT32.dll
0x754b0000 - 0x754bc000 	C:\Windows\system32\MSASN1.dll
0x6ec30000 - 0x6eca2000 	C:\Windows\system32\dsound.dll
0x74380000 - 0x743a5000 	C:\Windows\system32\POWRPROF.dll
0x738b0000 - 0x738c0000 	C:\Windows\system32\LSKHOOK.DLL
0x74320000 - 0x74359000 	C:\Windows\System32\MMDevApi.dll
0x73a80000 - 0x73ab6000 	C:\Windows\system32\AUDIOSES.DLL
0x52770000 - 0x52d6f000 	C:\Windows\system32\ig7icd32.dll
0x5af00000 - 0x5b26b000 	C:\Windows\system32\igdusc32.dll
0x60720000 - 0x60799000 	C:\Windows\system32\mscms.dll
0x6ba00000 - 0x6ba38000 	C:\Windows\system32\icm32.dll
0x6c140000 - 0x6c1de000 	C:\Users\weild5554\AppData\Local\Temp\libgdxweild5554\4bc781\gdx-freetype.dll
0x6ff00000 - 0x6ffeb000 	C:\Windows\system32\dbghelp.dll

VM Arguments:
jvm_args: -Dfile.encoding=windows-1252 -Duser.country=CA -Duser.language=en -Duser.variant 
java_command: Daught.desktop.DesktopLauncher
Launcher Type: SUN_STANDARD

Environment Variables:
PATH=C:\Program Files\Common Files\Microsoft Shared\Windows Live;C:\Windows\system32;C:\Windows;C:\Windows\System32\Wbem;C:\Windows\System32\WindowsPowerShell\v1.0\;C:\PROGRA~1\COMMON~1\Odbc\FILEMA~1;C:\Program Files\Windows Live\Shared;C:\Program Files\Microsoft SQL Server\110\Tools\Binn\;C:\Program Files\IVI Foundation\VISA\WinNT\Bin;C:\PROGRA~1\IVIFOU~1\VISA\WinNT\Bin;C:\Program Files\QuickTime\QTSystem\;C:\Program Files\Common Files\Microsoft Shared\Windows Live;C:\Windows\system32;C:\Windows;C:\Windows\System32\Wbem;C:\Windows\System32\WindowsPowerShell\v1.0\;C:\PROGRA~1\COMMON~1\Odbc\FILEMA~1;C:\Program Files\Windows Live\Shared;C:\Program Files\Microsoft SQL Server\110\Tools\Binn\;C:\Program Files\IVI Foundation\VISA\WinNT\Bin;C:\PROGRA~1\IVIFOU~1\VISA\WinNT\Bin;C:\Program Files\QuickTime\QTSystem\
USERNAME=weild5554
OS=Windows_NT
PROCESSOR_IDENTIFIER=x86 Family 6 Model 58 Stepping 9, GenuineIntel



---------------  S Y S T E M  ---------------

OS: Windows 7 Build 7601 Service Pack 1

CPU:total 4 (2 cores per cpu, 2 threads per core) family 6 model 58 stepping 9, cmov, cx8, fxsr, mmx, sse, sse2, sse3, ssse3, sse4.1, sse4.2, popcnt, avx, ht, tsc, tscinvbit, tscinv

Memory: 4k page, physical 3495736k(996536k free), swap 6989756k(3151908k free)

vm_info: Java HotSpot(TM) Client VM (23.21-b01) for windows-x86 JRE (1.7.0_21-b11), built on Apr  4 2013 04:43:10 by "java_re" with unknown MS VC++:1600

time: Mon Jan 16 13:58:59 2017
elapsed time: 12 seconds

