#
# A fatal error has been detected by the Java Runtime Environment:
#
#  EXCEPTION_ACCESS_VIOLATION (0xc0000005) at pc=0x7759a4ad, pid=1164, tid=6124
#
# JRE version: 7.0_21-b11
# Java VM: Java HotSpot(TM) Client VM (23.21-b01 mixed mode, sharing windows-x86 )
# Problematic frame:
# C  [ntdll.dll+0x5a4ad]  RtlRunOnceComplete+0xfb
#
# Failed to write core dump. Minidumps are not enabled by default on client versions of Windows
#
# If you would like to submit a bug report, please visit:
#   http://bugreport.sun.com/bugreport/crash.jsp
# The crash happened outside the Java Virtual Machine in native code.
# See problematic frame for where to report the bug.
#

---------------  T H R E A D  ---------------

Current thread (0x03f6b800):  JavaThread "LWJGL Application" [_thread_in_native, id=6124, stack(0x04b60000,0x04bb0000)]

siginfo: ExceptionCode=0xc0000005, reading address 0x43847ff8

Registers:
EAX=0x00002cee, EBX=0x00004008, ECX=0x43848000, EDX=0x001000c4
ESP=0x04bada94, EBP=0x04badb64, ESI=0x00100000, EDI=0x00104420
EIP=0x7759a4ad, EFLAGS=0x00010206

Top of Stack: (sp=0x04bada94)
0x04bada94:   7c4f12cb 085bcf28 00000000 00100000
0x04badaa4:   00104420 03b3745c cd78a821 731d1d01
0x04badab4:   6e3d1651 aa55dcf0 c2002cee d6ca7b12
0x04badac4:   74dcd56f 00104420 8d585cac 43848000
0x04badad4:   4ab7985b 4d2ad976 a638898e 000007ff
0x04badae4:   8e4c9e50 5d2708c8 f13a782d 8b082225
0x04badaf4:   00000000 09000009 460c4a7c f50b76cd
0x04badb04:   872f7766 96fcc288 00000000 48c46e38 

Instructions: (pc=0x7759a4ad)
0x7759a48d:   11 fd 02 00 8b 4f 20 8b 0c 81 89 8d 6c ff ff ff
0x7759a49d:   3b d1 0f 84 93 b8 ff ff 85 f6 0f 84 a8 fe 01 00
0x7759a4ad:   8b 41 f8 89 85 58 ff ff ff 8b 55 e0 8b 72 4c 85
0x7759a4bd:   f0 74 09 33 42 50 89 85 58 ff ff ff 0f b7 c0 0f 


Register to memory mapping:

EAX=0x00002cee is an unknown value
EBX=0x00004008 is an unknown value
ECX=0x43848000 is an unknown value
EDX=0x001000c4 is an unknown value
ESP=0x04bada94 is pointing into the stack for thread: 0x03f6b800
EBP=0x04badb64 is pointing into the stack for thread: 0x03f6b800
ESI=0x00100000 is an unknown value
EDI=0x00104420 is an unknown value


Stack: [0x04b60000,0x04bb0000],  sp=0x04bada94,  free space=310k
Native frames: (J=compiled Java code, j=interpreted, Vv=VM code, C=native code)
C  [ntdll.dll+0x5a4ad]  RtlRunOnceComplete+0xfb
C  [ntdll.dll+0x55950]  wcsnicmp+0x1e4
C  [msvcrt.dll+0x9d45]  malloc+0x57
C  [gdx.dll+0xd1dc]  Java_com_badlogic_gdx_utils_BufferUtils_transformV3M3Jni___3FII_3FI+0x805c

Java frames: (J=compiled Java code, j=interpreted, Vv=VM code)
j  com.badlogic.gdx.graphics.g2d.Gdx2DPixmap.load([J[BII)Ljava/nio/ByteBuffer;+0
j  com.badlogic.gdx.graphics.g2d.Gdx2DPixmap.<init>([BIII)V+19
j  com.badlogic.gdx.graphics.Pixmap.<init>(Lcom/badlogic/gdx/files/FileHandle;)V+24
j  com.badlogic.gdx.graphics.TextureData$Factory.loadFromFile(Lcom/badlogic/gdx/files/FileHandle;Lcom/badlogic/gdx/graphics/Pixmap$Format;Z)Lcom/badlogic/gdx/graphics/TextureData;+99
j  com.badlogic.gdx.graphics.Texture.<init>(Lcom/badlogic/gdx/files/FileHandle;Lcom/badlogic/gdx/graphics/Pixmap$Format;Z)V+4
j  com.badlogic.gdx.graphics.Texture.<init>(Lcom/badlogic/gdx/files/FileHandle;Z)V+4
j  com.badlogic.gdx.graphics.g2d.BitmapFont.<init>(Lcom/badlogic/gdx/files/FileHandle;Lcom/badlogic/gdx/files/FileHandle;ZZ)V+20
j  com.badlogic.gdx.graphics.g2d.BitmapFont.<init>()V+23
j  Screens.ScrEndScreen.show()V+20
j  com.badlogic.gdx.Game.setScreen(Lcom/badlogic/gdx/Screen;)V+32
j  Menu.GamGame1.updateState()V+69
j  Screens.ScrEndScreen.render(F)V+228
j  com.badlogic.gdx.Game.render()V+19
j  Menu.GamGame1.render()V+1
j  com.badlogic.gdx.backends.lwjgl.LwjglApplication.mainLoop()V+684
j  com.badlogic.gdx.backends.lwjgl.LwjglApplication$1.run()V+27
v  ~StubRoutines::call_stub

---------------  P R O C E S S  ---------------

Java Threads: ( => current thread )
  0x07e0d800 JavaThread "LWJGL Timer" daemon [_thread_blocked, id=5404, stack(0x04bb0000,0x04c00000)]
  0x00abd800 JavaThread "DestroyJavaVM" [_thread_blocked, id=5460, stack(0x00c00000,0x00c50000)]
=>0x03f6b800 JavaThread "LWJGL Application" [_thread_in_native, id=6124, stack(0x04b60000,0x04bb0000)]
  0x00a47000 JavaThread "Service Thread" daemon [_thread_blocked, id=4956, stack(0x03db0000,0x03e00000)]
  0x00a2e000 JavaThread "C1 CompilerThread0" daemon [_thread_blocked, id=2040, stack(0x03cf0000,0x03d40000)]
  0x00a2cc00 JavaThread "Attach Listener" daemon [_thread_blocked, id=6652, stack(0x00de0000,0x00e30000)]
  0x00a2bc00 JavaThread "Signal Dispatcher" daemon [_thread_blocked, id=4436, stack(0x03bc0000,0x03c10000)]
  0x00a17400 JavaThread "Finalizer" daemon [_thread_blocked, id=2820, stack(0x00e70000,0x00ec0000)]
  0x00a15c00 JavaThread "Reference Handler" daemon [_thread_blocked, id=6680, stack(0x00d70000,0x00dc0000)]

Other Threads:
  0x00a14800 VMThread [stack: 0x00f00000,0x00f50000] [id=6588]
  0x03e08400 WatcherThread [stack: 0x03c20000,0x03c70000] [id=568]

VM state:not at safepoint (normal execution)

VM Mutex/Monitor currently owned by a thread: None

Heap
 def new generation   total 16064K, used 13767K [0x23a90000, 0x24bf0000, 0x28fe0000)
  eden space 14336K,  96% used [0x23a90000, 0x24801c90, 0x24890000)
  from space 1728K,   0% used [0x24890000, 0x24890000, 0x24a40000)
  to   space 1728K,   0% used [0x24a40000, 0x24a40000, 0x24bf0000)
 tenured generation   total 35528K, used 18630K [0x28fe0000, 0x2b292000, 0x33a90000)
   the space 35528K,  52% used [0x28fe0000, 0x2a211a20, 0x2a211c00, 0x2b292000)
 compacting perm gen  total 12288K, used 2641K [0x33a90000, 0x34690000, 0x37a90000)
   the space 12288K,  21% used [0x33a90000, 0x33d244d0, 0x33d24600, 0x34690000)
    ro space 10240K,  45% used [0x37a90000, 0x37f17988, 0x37f17a00, 0x38490000)
    rw space 12288K,  54% used [0x38490000, 0x38b1b5d8, 0x38b1b600, 0x39090000)

Card table byte_map: [0x00b40000,0x00bf0000] byte_map_base: 0x00a22b80

Polling page: 0x00270000

Code Cache  [0x01b90000, 0x01d00000, 0x03b90000)
 total_blobs=644 nmethods=381 adapters=198 free_code_cache=31310Kb largest_free_block=32061568

Compilation events (10 events):
Event: 8.259 Thread 0x00a2e000  379             com.badlogic.gdx.graphics.g2d.TextureRegion::getRegionHeight (5 bytes)
Event: 8.259 Thread 0x00a2e000 nmethod 379 0x01cf97c8 code [0x01cf98c0, 0x01cf9940]
Event: 8.259 Thread 0x00a2e000  380             com.badlogic.gdx.graphics.g2d.SpriteBatch::<init> (416 bytes)
Event: 8.262 Thread 0x00a2e000 nmethod 380 0x01cf9988 code [0x01cf9c90, 0x01cfab50]
Event: 8.263 Thread 0x00a2e000  381             java.nio.ByteBuffer::order (48 bytes)
Event: 8.263 Thread 0x00a2e000 nmethod 381 0x01cfbb08 code [0x01cfbc00, 0x01cfbcb0]
Event: 9.253 Thread 0x00a2e000  382             java.lang.Math::max (46 bytes)
Event: 9.254 Thread 0x00a2e000 nmethod 382 0x01cfbd08 code [0x01cfbe00, 0x01cfbf40]
Event: 9.472 Thread 0x00a2e000  383             java.util.StringTokenizer::setMaxDelimCodePoint (156 bytes)
Event: 9.473 Thread 0x00a2e000 nmethod 383 0x01cfbf88 code [0x01cfc0c0, 0x01cfc404]

GC Heap History (10 events):
Event: 3.032 GC heap before
{Heap before GC invocations=2 (full 0):
 def new generation   total 4928K, used 4928K [0x23a90000, 0x23fe0000, 0x28fe0000)
  eden space 4416K, 100% used [0x23a90000, 0x23ee0000, 0x23ee0000)
  from space 512K, 100% used [0x23ee0000, 0x23f60000, 0x23f60000)
  to   space 512K,   0% used [0x23f60000, 0x23f60000, 0x23fe0000)
 tenured generation   total 10944K, used 1580K [0x28fe0000, 0x29a90000, 0x33a90000)
   the space 10944K,  14% used [0x28fe0000, 0x2916b350, 0x2916b400, 0x29a90000)
 compacting perm gen  total 12288K, used 2615K [0x33a90000, 0x34690000, 0x37a90000)
   the space 12288K,  21% used [0x33a90000, 0x33d1dc18, 0x33d1de00, 0x34690000)
    ro space 10240K,  45% used [0x37a90000, 0x37f17988, 0x37f17a00, 0x38490000)
    rw space 12288K,  54% used [0x38490000, 0x38b1b5d8, 0x38b1b600, 0x39090000)
Event: 3.035 GC heap after
Heap after GC invocations=3 (full 0):
 def new generation   total 4928K, used 512K [0x23a90000, 0x23fe0000, 0x28fe0000)
  eden space 4416K,   0% used [0x23a90000, 0x23a90000, 0x23ee0000)
  from space 512K, 100% used [0x23f60000, 0x23fe0000, 0x23fe0000)
  to   space 512K,   0% used [0x23ee0000, 0x23ee0000, 0x23f60000)
 tenured generation   total 10944K, used 2859K [0x28fe0000, 0x29a90000, 0x33a90000)
   the space 10944K,  26% used [0x28fe0000, 0x292aad70, 0x292aae00, 0x29a90000)
 compacting perm gen  total 12288K, used 2615K [0x33a90000, 0x34690000, 0x37a90000)
   the space 12288K,  21% used [0x33a90000, 0x33d1dc18, 0x33d1de00, 0x34690000)
    ro space 10240K,  45% used [0x37a90000, 0x37f17988, 0x37f17a00, 0x38490000)
    rw space 12288K,  54% used [0x38490000, 0x38b1b5d8, 0x38b1b600, 0x39090000)
}
Event: 3.199 GC heap before
{Heap before GC invocations=3 (full 0):
 def new generation   total 4928K, used 4794K [0x23a90000, 0x23fe0000, 0x28fe0000)
  eden space 4416K,  96% used [0x23a90000, 0x23ebeba8, 0x23ee0000)
  from space 512K, 100% used [0x23f60000, 0x23fe0000, 0x23fe0000)
  to   space 512K,   0% used [0x23ee0000, 0x23ee0000, 0x23f60000)
 tenured generation   total 10944K, used 2859K [0x28fe0000, 0x29a90000, 0x33a90000)
   the space 10944K,  26% used [0x28fe0000, 0x292aad70, 0x292aae00, 0x29a90000)
 compacting perm gen  total 12288K, used 2618K [0x33a90000, 0x34690000, 0x37a90000)
   the space 12288K,  21% used [0x33a90000, 0x33d1ebf0, 0x33d1ec00, 0x34690000)
    ro space 10240K,  45% used [0x37a90000, 0x37f17988, 0x37f17a00, 0x38490000)
    rw space 12288K,  54% used [0x38490000, 0x38b1b5d8, 0x38b1b600, 0x39090000)
Event: 3.202 GC heap after
Heap after GC invocations=4 (full 0):
 def new generation   total 4928K, used 134K [0x23a90000, 0x23fe0000, 0x28fe0000)
  eden space 4416K,   0% used [0x23a90000, 0x23a90000, 0x23ee0000)
  from space 512K,  26% used [0x23ee0000, 0x23f01900, 0x23f60000)
  to   space 512K,   0% used [0x23f60000, 0x23f60000, 0x23fe0000)
 tenured generation   total 10944K, used 5408K [0x28fe0000, 0x29a90000, 0x33a90000)
   the space 10944K,  49% used [0x28fe0000, 0x295283c0, 0x29528400, 0x29a90000)
 compacting perm gen  total 12288K, used 2618K [0x33a90000, 0x34690000, 0x37a90000)
   the space 12288K,  21% used [0x33a90000, 0x33d1ebf0, 0x33d1ec00, 0x34690000)
    ro space 10240K,  45% used [0x37a90000, 0x37f17988, 0x37f17a00, 0x38490000)
    rw space 12288K,  54% used [0x38490000, 0x38b1b5d8, 0x38b1b600, 0x39090000)
}
Event: 3.337 GC heap before
{Heap before GC invocations=4 (full 0):
 def new generation   total 4928K, used 4279K [0x23a90000, 0x23fe0000, 0x28fe0000)
  eden space 4416K,  93% used [0x23a90000, 0x23e9c490, 0x23ee0000)
  from space 512K,  26% used [0x23ee0000, 0x23f01900, 0x23f60000)
  to   space 512K,   0% used [0x23f60000, 0x23f60000, 0x23fe0000)
 tenured generation   total 10944K, used 5408K [0x28fe0000, 0x29a90000, 0x33a90000)
   the space 10944K,  49% used [0x28fe0000, 0x295283c0, 0x29528400, 0x29a90000)
 compacting perm gen  total 12288K, used 2619K [0x33a90000, 0x34690000, 0x37a90000)
   the space 12288K,  21% used [0x33a90000, 0x33d1ec00, 0x33d1ec00, 0x34690000)
    ro space 10240K,  45% used [0x37a90000, 0x37f17988, 0x37f17a00, 0x38490000)
    rw space 12288K,  54% used [0x38490000, 0x38b1b5d8, 0x38b1b600, 0x39090000)
Event: 3.351 GC heap after
Heap after GC invocations=5 (full 1):
 def new generation   total 4992K, used 0K [0x23a90000, 0x23ff0000, 0x28fe0000)
  eden space 4480K,   0% used [0x23a90000, 0x23a90000, 0x23ef0000)
  from space 512K,   0% used [0x23ef0000, 0x23ef0000, 0x23f70000)
  to   space 512K,   0% used [0x23f70000, 0x23f70000, 0x23ff0000)
 tenured generation   total 10944K, used 6342K [0x28fe0000, 0x29a90000, 0x33a90000)
   the space 10944K,  57% used [0x28fe0000, 0x296119d0, 0x29611a00, 0x29a90000)
 compacting perm gen  total 12288K, used 2619K [0x33a90000, 0x34690000, 0x37a90000)
   the space 12288K,  21% used [0x33a90000, 0x33d1ec00, 0x33d1ec00, 0x34690000)
    ro space 10240K,  45% used [0x37a90000, 0x37f17988, 0x37f17a00, 0x38490000)
    rw space 12288K,  54% used [0x38490000, 0x38b1b5d8, 0x38b1b600, 0x39090000)
}
Event: 3.625 GC heap before
{Heap before GC invocations=5 (full 1):
 def new generation   total 4992K, used 45K [0x23a90000, 0x23ff0000, 0x28fe0000)
  eden space 4480K,   1% used [0x23a90000, 0x23a9b6e0, 0x23ef0000)
  from space 512K,   0% used [0x23ef0000, 0x23ef0000, 0x23f70000)
  to   space 512K,   0% used [0x23f70000, 0x23f70000, 0x23ff0000)
 tenured generation   total 19140K, used 14534K [0x28fe0000, 0x2a291000, 0x33a90000)
   the space 19140K,  75% used [0x28fe0000, 0x29e119e0, 0x29e11a00, 0x2a291000)
 compacting perm gen  total 12288K, used 2619K [0x33a90000, 0x34690000, 0x37a90000)
   the space 12288K,  21% used [0x33a90000, 0x33d1ec00, 0x33d1ec00, 0x34690000)
    ro space 10240K,  45% used [0x37a90000, 0x37f17988, 0x37f17a00, 0x38490000)
    rw space 12288K,  54% used [0x38490000, 0x38b1b5d8, 0x38b1b600, 0x39090000)
Event: 3.635 GC heap after
Heap after GC invocations=6 (full 2):
 def new generation   total 8640K, used 0K [0x23a90000, 0x243f0000, 0x28fe0000)
  eden space 7680K,   0% used [0x23a90000, 0x23a90000, 0x24210000)
  from space 960K,   0% used [0x24210000, 0x24210000, 0x24300000)
  to   space 960K,   0% used [0x24300000, 0x24300000, 0x243f0000)
 tenured generation   total 19140K, used 10438K [0x28fe0000, 0x2a291000, 0x33a90000)
   the space 19140K,  54% used [0x28fe0000, 0x29a119d0, 0x29a11a00, 0x2a291000)
 compacting perm gen  total 12288K, used 2619K [0x33a90000, 0x34690000, 0x37a90000)
   the space 12288K,  21% used [0x33a90000, 0x33d1ec00, 0x33d1ec00, 0x34690000)
    ro space 10240K,  45% used [0x37a90000, 0x37f17988, 0x37f17a00, 0x38490000)
    rw space 12288K,  54% used [0x38490000, 0x38b1b5d8, 0x38b1b600, 0x39090000)
}
Event: 3.860 GC heap before
{Heap before GC invocations=6 (full 2):
 def new generation   total 8640K, used 56K [0x23a90000, 0x243f0000, 0x28fe0000)
  eden space 7680K,   0% used [0x23a90000, 0x23a9e0d8, 0x24210000)
  from space 960K,   0% used [0x24210000, 0x24210000, 0x24300000)
  to   space 960K,   0% used [0x24300000, 0x24300000, 0x243f0000)
 tenured generation   total 35528K, used 26822K [0x28fe0000, 0x2b292000, 0x33a90000)
   the space 35528K,  75% used [0x28fe0000, 0x2aa119e0, 0x2aa11a00, 0x2b292000)
 compacting perm gen  total 12288K, used 2619K [0x33a90000, 0x34690000, 0x37a90000)
   the space 12288K,  21% used [0x33a90000, 0x33d1ed30, 0x33d1ee00, 0x34690000)
    ro space 10240K,  45% used [0x37a90000, 0x37f17988, 0x37f17a00, 0x38490000)
    rw space 12288K,  54% used [0x38490000, 0x38b1b5d8, 0x38b1b600, 0x39090000)
Event: 3.873 GC heap after
Heap after GC invocations=7 (full 3):
 def new generation   total 16064K, used 0K [0x23a90000, 0x24bf0000, 0x28fe0000)
  eden space 14336K,   0% used [0x23a90000, 0x23a90000, 0x24890000)
  from space 1728K,   0% used [0x24890000, 0x24890000, 0x24a40000)
  to   space 1728K,   0% used [0x24a40000, 0x24a40000, 0x24bf0000)
 tenured generation   total 35528K, used 18630K [0x28fe0000, 0x2b292000, 0x33a90000)
   the space 35528K,  52% used [0x28fe0000, 0x2a211a20, 0x2a211c00, 0x2b292000)
 compacting perm gen  total 12288K, used 2619K [0x33a90000, 0x34690000, 0x37a90000)
   the space 12288K,  21% used [0x33a90000, 0x33d1ed30, 0x33d1ee00, 0x34690000)
    ro space 10240K,  45% used [0x37a90000, 0x37f17988, 0x37f17a00, 0x38490000)
    rw space 12288K,  54% used [0x38490000, 0x38b1b5d8, 0x38b1b600, 0x39090000)
}

Deoptimization events (0 events):
No events

Internal exceptions (10 events):
Event: 3.035 Thread 0x03f6b800 Threw 0x23ab04e0 at C:\jdk7u2_32P\jdk7u21\hotspot\src\share\vm\prims\jvm.cpp:1166
Event: 3.035 Thread 0x03f6b800 Threw 0x23ab5530 at C:\jdk7u2_32P\jdk7u21\hotspot\src\share\vm\prims\jvm.cpp:1166
Event: 3.036 Thread 0x03f6b800 Threw 0x23aba260 at C:\jdk7u2_32P\jdk7u21\hotspot\src\share\vm\prims\jvm.cpp:1166
Event: 3.909 Thread 0x03f6b800 Threw 0x245d7660 at C:\jdk7u2_32P\jdk7u21\hotspot\src\share\vm\prims\jvm.cpp:1166
Event: 3.918 Thread 0x03f6b800 Threw 0x245eafa0 at C:\jdk7u2_32P\jdk7u21\hotspot\src\share\vm\prims\jvm.cpp:1166
Event: 3.950 Thread 0x03f6b800 Threw 0x24668410 at C:\jdk7u2_32P\jdk7u21\hotspot\src\share\vm\prims\jvm.cpp:1166
Event: 3.987 Thread 0x03f6b800 Threw 0x2468ef08 at C:\jdk7u2_32P\jdk7u21\hotspot\src\share\vm\prims\jvm.cpp:1166
Event: 3.988 Thread 0x03f6b800 Threw 0x24693af0 at C:\jdk7u2_32P\jdk7u21\hotspot\src\share\vm\prims\jvm.cpp:1166
Event: 3.995 Thread 0x03f6b800 Threw 0x24698ae0 at C:\jdk7u2_32P\jdk7u21\hotspot\src\share\vm\prims\jvm.cpp:1166
Event: 3.997 Thread 0x03f6b800 Threw 0x246c44a8 at C:\jdk7u2_32P\jdk7u21\hotspot\src\share\vm\prims\jvm.cpp:1166

Events (10 events):
Event: 3.988 loading class 0x07d59080
Event: 3.988 loading class 0x07d59080 done
Event: 3.995 loading class 0x07c827e0
Event: 3.995 loading class 0x07c827e0 done
Event: 3.997 loading class 0x07d58f40
Event: 3.997 loading class 0x07d58f40 done
Event: 4.059 Executing VM operation: EnableBiasedLocking
Event: 4.059 Executing VM operation: EnableBiasedLocking done
Event: 5.505 Thread 0x00a2e000 flushing nmethod 0x01c6e408
Event: 6.371 Thread 0x00a2e000 flushing nmethod 0x01c41d08


Dynamic libraries:
0x00f60000 - 0x00f8f000 	C:\Program Files\Java\jdk1.7.0_21\bin\java.exe
0x77540000 - 0x77682000 	C:\Windows\SYSTEM32\ntdll.dll
0x76f50000 - 0x77025000 	C:\Windows\system32\kernel32.dll
0x75610000 - 0x7565b000 	C:\Windows\system32\KERNELBASE.dll
0x76080000 - 0x76121000 	C:\Windows\system32\ADVAPI32.dll
0x75cc0000 - 0x75d6c000 	C:\Windows\system32\msvcrt.dll
0x75f90000 - 0x75fa9000 	C:\Windows\SYSTEM32\sechost.dll
0x75c10000 - 0x75cb2000 	C:\Windows\system32\RPCRT4.dll
0x76200000 - 0x762c9000 	C:\Windows\system32\USER32.dll
0x761b0000 - 0x761fe000 	C:\Windows\system32\GDI32.dll
0x75dc0000 - 0x75dca000 	C:\Windows\system32\LPK.dll
0x770c0000 - 0x7715d000 	C:\Windows\system32\USP10.dll
0x74070000 - 0x7420e000 	C:\Windows\WinSxS\x86_microsoft.windows.common-controls_6595b64144ccf1df_6.0.7601.18837_none_41e855142bd5705d\COMCTL32.dll
0x75f30000 - 0x75f87000 	C:\Windows\system32\SHLWAPI.dll
0x75bf0000 - 0x75c0f000 	C:\Windows\system32\IMM32.DLL
0x75fb0000 - 0x7607d000 	C:\Windows\system32\MSCTF.dll
0x77c20000 - 0x77cde000 	C:\Program Files\Java\jdk1.7.0_21\jre\bin\msvcr100.dll
0x6df40000 - 0x6e28f000 	C:\Program Files\Java\jdk1.7.0_21\jre\bin\client\jvm.dll
0x72540000 - 0x72547000 	C:\Windows\system32\WSOCK32.dll
0x75d70000 - 0x75da5000 	C:\Windows\system32\WS2_32.dll
0x77690000 - 0x77696000 	C:\Windows\system32\NSI.dll
0x73b60000 - 0x73b92000 	C:\Windows\system32\WINMM.dll
0x75db0000 - 0x75db5000 	C:\Windows\system32\PSAPI.DLL
0x72d80000 - 0x72d8c000 	C:\Program Files\Java\jdk1.7.0_21\jre\bin\verify.dll
0x50000000 - 0x50020000 	C:\Program Files\Java\jdk1.7.0_21\jre\bin\java.dll
0x5f2a0000 - 0x5f2b3000 	C:\Program Files\Java\jdk1.7.0_21\jre\bin\zip.dll
0x6cec0000 - 0x6cf33000 	C:\Users\weild5554\AppData\Local\Temp\libgdxweild5554\d0acf4ea\gdx.dll
0x74ea0000 - 0x74eb7000 	C:\Windows\system32\CRYPTSP.dll
0x74b00000 - 0x74b3b000 	C:\Windows\system32\rsaenh.dll
0x756e0000 - 0x756f7000 	C:\Windows\system32\USERENV.dll
0x754a0000 - 0x754ab000 	C:\Windows\system32\profapi.dll
0x753c0000 - 0x753cc000 	C:\Windows\system32\CRYPTBASE.dll
0x6dcd0000 - 0x6dce4000 	C:\Program Files\Java\jdk1.7.0_21\jre\bin\net.dll
0x74d20000 - 0x74d5c000 	C:\Windows\system32\mswsock.dll
0x75130000 - 0x75136000 	C:\Windows\System32\wship6.dll
0x73cf0000 - 0x73d00000 	C:\Windows\system32\NLAapi.dll
0x729d0000 - 0x729e0000 	C:\Windows\system32\napinsp.dll
0x72990000 - 0x729a2000 	C:\Windows\system32\pnrpnsp.dll
0x74bf0000 - 0x74c34000 	C:\Windows\system32\DNSAPI.dll
0x729e0000 - 0x729e8000 	C:\Windows\System32\winrnr.dll
0x72a30000 - 0x72a51000 	C:\Program Files\Bonjour\mdnsNSP.dll
0x73c50000 - 0x73c6c000 	C:\Windows\system32\Iphlpapi.DLL
0x73c40000 - 0x73c47000 	C:\Windows\system32\WINNSI.DLL
0x72a00000 - 0x72a27000 	C:\Program Files\Common Files\Microsoft Shared\Windows Live\WLIDNSP.DLL
0x74980000 - 0x74985000 	C:\Windows\System32\wshtcpip.dll
0x729f0000 - 0x729f6000 	C:\Windows\system32\rasadhlp.dll
0x73a30000 - 0x73a68000 	C:\Windows\System32\fwpuclnt.dll
0x730f0000 - 0x730fe000 	C:\Program Files\Java\jdk1.7.0_21\jre\bin\nio.dll
0x10000000 - 0x1004f000 	C:\Users\weild5554\AppData\Local\Temp\libgdxweild5554\68069333\lwjgl.dll
0x67a70000 - 0x67b38000 	C:\Windows\system32\OPENGL32.dll
0x6ab10000 - 0x6ab32000 	C:\Windows\system32\GLU32.dll
0x61eb0000 - 0x61f97000 	C:\Windows\system32\DDRAW.dll
0x6c400000 - 0x6c406000 	C:\Windows\system32\DCIMAN32.dll
0x77160000 - 0x772fd000 	C:\Windows\system32\SETUPAPI.dll
0x756b0000 - 0x756d7000 	C:\Windows\system32\CFGMGR32.dll
0x776a0000 - 0x77731000 	C:\Windows\system32\OLEAUT32.dll
0x75dd0000 - 0x75f2d000 	C:\Windows\system32\ole32.dll
0x757b0000 - 0x757c2000 	C:\Windows\system32\DEVOBJ.dll
0x73750000 - 0x73763000 	C:\Windows\system32\dwmapi.dll
0x748f0000 - 0x748f9000 	C:\Windows\system32\VERSION.dll
0x03c70000 - 0x03cd5000 	C:\Users\WEILD5~1\AppData\Local\Temp\libgdxweild5554\68069333\OpenAL32.dll
0x762d0000 - 0x76f1b000 	C:\Windows\system32\SHELL32.dll
0x77030000 - 0x770b3000 	C:\Windows\system32\CLBCatQ.DLL
0x74220000 - 0x74315000 	C:\Windows\System32\PROPSYS.dll
0x75660000 - 0x7568f000 	C:\Windows\system32\WINTRUST.dll
0x754c0000 - 0x755e1000 	C:\Windows\system32\CRYPT32.dll
0x754b0000 - 0x754bc000 	C:\Windows\system32\MSASN1.dll
0x6ec30000 - 0x6eca2000 	C:\Windows\system32\dsound.dll
0x74380000 - 0x743a5000 	C:\Windows\system32\POWRPROF.dll
0x738b0000 - 0x738c0000 	C:\Windows\system32\LSKHOOK.DLL
0x74320000 - 0x74359000 	C:\Windows\System32\MMDevApi.dll
0x73a80000 - 0x73ab6000 	C:\Windows\system32\AUDIOSES.DLL
0x52770000 - 0x52d6f000 	C:\Windows\system32\ig7icd32.dll
0x5af00000 - 0x5b26b000 	C:\Windows\system32\igdusc32.dll
0x60720000 - 0x60799000 	C:\Windows\system32\mscms.dll
0x6ba00000 - 0x6ba38000 	C:\Windows\system32\icm32.dll
0x6c140000 - 0x6c1de000 	C:\Users\weild5554\AppData\Local\Temp\libgdxweild5554\4bc781\gdx-freetype.dll
0x6ff00000 - 0x6ffeb000 	C:\Windows\system32\dbghelp.dll

VM Arguments:
jvm_args: -Dfile.encoding=windows-1252 -Duser.country=CA -Duser.language=en -Duser.variant 
java_command: Daught.desktop.DesktopLauncher
Launcher Type: SUN_STANDARD

Environment Variables:
PATH=C:\Program Files\Common Files\Microsoft Shared\Windows Live;C:\Windows\system32;C:\Windows;C:\Windows\System32\Wbem;C:\Windows\System32\WindowsPowerShell\v1.0\;C:\PROGRA~1\COMMON~1\Odbc\FILEMA~1;C:\Program Files\Windows Live\Shared;C:\Program Files\Microsoft SQL Server\110\Tools\Binn\;C:\Program Files\IVI Foundation\VISA\WinNT\Bin;C:\PROGRA~1\IVIFOU~1\VISA\WinNT\Bin;C:\Program Files\QuickTime\QTSystem\;C:\Program Files\Common Files\Microsoft Shared\Windows Live;C:\Windows\system32;C:\Windows;C:\Windows\System32\Wbem;C:\Windows\System32\WindowsPowerShell\v1.0\;C:\PROGRA~1\COMMON~1\Odbc\FILEMA~1;C:\Program Files\Windows Live\Shared;C:\Program Files\Microsoft SQL Server\110\Tools\Binn\;C:\Program Files\IVI Foundation\VISA\WinNT\Bin;C:\PROGRA~1\IVIFOU~1\VISA\WinNT\Bin;C:\Program Files\QuickTime\QTSystem\
USERNAME=weild5554
OS=Windows_NT
PROCESSOR_IDENTIFIER=x86 Family 6 Model 58 Stepping 9, GenuineIntel



---------------  S Y S T E M  ---------------

OS: Windows 7 Build 7601 Service Pack 1

CPU:total 4 (2 cores per cpu, 2 threads per core) family 6 model 58 stepping 9, cmov, cx8, fxsr, mmx, sse, sse2, sse3, ssse3, sse4.1, sse4.2, popcnt, avx, ht, tsc, tscinvbit, tscinv

Memory: 4k page, physical 3495736k(1002136k free), swap 6989756k(3162948k free)

vm_info: Java HotSpot(TM) Client VM (23.21-b01) for windows-x86 JRE (1.7.0_21-b11), built on Apr  4 2013 04:43:10 by "java_re" with unknown MS VC++:1600

time: Mon Jan 16 13:56:05 2017
elapsed time: 9 seconds

